<?xml version="1.0" encoding="UTF-8"?>
<!-- Generated by org.testng.reporters.JUnitXMLReporter -->
<testsuite hostname="ALIPL5119" name="TC_Login_001" tests="1" failures="1" timestamp="24 May 2019 12:28:28 GMT" time="57.45" errors="0">
  <testcase name="tDriver" time="57.44" classname="testDrivers.TestDriver">
    <failure type="java.lang.Error" message="Unresolved compilation problem: 
	RETURN_BLANK_AS_NULL cannot be resolved or is not a field
">
      <![CDATA[java.lang.Error: Unresolved compilation problem: 
	RETURN_BLANK_AS_NULL cannot be resolved or is not a field

	at utility.ExcelUtils.setCellData(ExcelUtils.java:213)
	at testAutomation.Genlib.setTestRunStatus(Genlib.java:100)
	at testAutomation.Genlib.invokeTest(Genlib.java:70)
	at testDrivers.TestDriver.tDriver(TestDriver.java:16)
	at testDrivers.TestNGCreator.runTestNGTest(TestNGCreator.java:153)
	at testDrivers.TestNGCreator.main(TestNGCreator.java:159)
... Removed 21 stack frames]]>
    </failure>
  </testcase> <!-- tDriver -->
</testsuite> <!-- TC_Login_001 -->
