<?xml version="1.0" encoding="UTF-8"?>
<testng-results skipped="0" failed="0" total="1" passed="1">
  <reporter-output>
  </reporter-output>
  <suite name="Default suite" duration-ms="38974" started-at="2019-05-20T03:12:56Z" finished-at="2019-05-20T03:13:35Z">
    <groups>
    </groups>
    <test name="Default test" duration-ms="38974" started-at="2019-05-20T03:12:56Z" finished-at="2019-05-20T03:13:35Z">
      <class name="testCases.ExecuteTest">
        <test-method status="PASS" signature="testLogin()[pri:0, instance:testCases.ExecuteTest@cc285f4]" name="testLogin" duration-ms="38949" started-at="2019-05-20T08:42:56Z" finished-at="2019-05-20T08:43:35Z">
          <reporter-output>
          </reporter-output>
        </test-method> <!-- testLogin -->
      </class> <!-- testCases.ExecuteTest -->
    </test> <!-- Default test -->
  </suite> <!-- Default suite -->
</testng-results>
