<?xml version="1.0" encoding="UTF-8"?>
<testng-results skipped="0" failed="1" total="1" passed="0">
  <reporter-output>
  </reporter-output>
  <suite name="HRMS" duration-ms="44099" started-at="2019-05-24T12:58:05Z" finished-at="2019-05-24T12:58:49Z">
    <groups>
    </groups>
    <test name="TC_Login_002" duration-ms="44099" started-at="2019-05-24T12:58:05Z" finished-at="2019-05-24T12:58:49Z">
      <class name="testDrivers.TestDriver">
        <test-method status="FAIL" signature="tDriver(java.lang.String)[pri:0, instance:testDrivers.TestDriver@4c6e276e]" name="tDriver" duration-ms="44084" started-at="2019-05-24T18:28:05Z" finished-at="2019-05-24T18:28:49Z">
          <params>
            <param index="0">
              <value>
                <![CDATA[TC_Login_002]]>
              </value>
            </param>
          </params>
          <exception class="java.lang.Error">
            <message>
              <![CDATA[Unresolved compilation problem: 
	RETURN_BLANK_AS_NULL cannot be resolved or is not a field
]]>
            </message>
            <full-stacktrace>
              <![CDATA[java.lang.Error: Unresolved compilation problem: 
	RETURN_BLANK_AS_NULL cannot be resolved or is not a field

	at utility.ExcelUtils.setCellData(ExcelUtils.java:213)
	at testAutomation.Genlib.setTestRunStatus(Genlib.java:100)
	at testAutomation.Genlib.invokeTest(Genlib.java:70)
	at testDrivers.TestDriver.tDriver(TestDriver.java:16)
	at sun.reflect.NativeMethodAccessorImpl.invoke0(Native Method)
	at sun.reflect.NativeMethodAccessorImpl.invoke(Unknown Source)
	at sun.reflect.DelegatingMethodAccessorImpl.invoke(Unknown Source)
	at java.lang.reflect.Method.invoke(Unknown Source)
	at org.testng.internal.MethodInvocationHelper.invokeMethod(MethodInvocationHelper.java:85)
	at org.testng.internal.Invoker.invokeMethod(Invoker.java:639)
	at org.testng.internal.Invoker.invokeTestMethod(Invoker.java:816)
	at org.testng.internal.Invoker.invokeTestMethods(Invoker.java:1124)
	at org.testng.internal.TestMethodWorker.invokeTestMethods(TestMethodWorker.java:125)
	at org.testng.internal.TestMethodWorker.run(TestMethodWorker.java:108)
	at org.testng.TestRunner.privateRun(TestRunner.java:774)
	at org.testng.TestRunner.run(TestRunner.java:624)
	at org.testng.SuiteRunner.runTest(SuiteRunner.java:359)
	at org.testng.SuiteRunner.runSequentially(SuiteRunner.java:354)
	at org.testng.SuiteRunner.privateRun(SuiteRunner.java:312)
	at org.testng.SuiteRunner.run(SuiteRunner.java:261)
	at org.testng.SuiteRunnerWorker.runSuite(SuiteRunnerWorker.java:52)
	at org.testng.SuiteRunnerWorker.run(SuiteRunnerWorker.java:86)
	at org.testng.TestNG.runSuitesSequentially(TestNG.java:1215)
	at org.testng.TestNG.runSuitesLocally(TestNG.java:1140)
	at org.testng.TestNG.run(TestNG.java:1048)
	at testDrivers.TestNGCreator.runTestNGTest(TestNGCreator.java:153)
	at testDrivers.TestNGCreator.main(TestNGCreator.java:159)
]]>
            </full-stacktrace>
          </exception> <!-- java.lang.Error -->
          <reporter-output>
          </reporter-output>
        </test-method> <!-- tDriver -->
      </class> <!-- testDrivers.TestDriver -->
    </test> <!-- TC_Login_002 -->
  </suite> <!-- HRMS -->
</testng-results>
