<?xml version="1.0" encoding="UTF-8"?>
<testng-results skipped="0" failed="0" ignored="0" total="1" passed="1">
  <reporter-output>
  </reporter-output>
  <suite name="Suite" duration-ms="55165" started-at="2019-05-22T10:36:17Z" finished-at="2019-05-22T10:37:13Z">
    <groups>
    </groups>
    <test name="Test" duration-ms="55165" started-at="2019-05-22T10:36:17Z" finished-at="2019-05-22T10:37:13Z">
      <class name="com.maven.Sample">
        <test-method status="PASS" signature="test()[pri:0, instance:com.maven.Sample@60f82f98]" name="test" duration-ms="55125" started-at="2019-05-22T16:06:17Z" finished-at="2019-05-22T16:07:13Z">
          <reporter-output>
          </reporter-output>
        </test-method> <!-- test -->
      </class> <!-- com.maven.Sample -->
    </test> <!-- Test -->
  </suite> <!-- Suite -->
</testng-results>
